build/app/outputs/mapping/release/mapping.txt
# compiler: R8
# compiler_version: 1.5.64
# min_api: 21
# pg_map_id: d69b703
com.annadata.app.MainActivity -> com.annadata.app.MainActivity:
    void configureFlutterEngine(io.flutter.embedding.engine.FlutterEngine) -> b
...
io.flutter.plugins.googlemaps.PolylinesController -> io.flutter.plugins.googlemaps.u:
    java.util.Map polylineIdToController -> a
    java.util.Map googleMapsPolylineIdToDartPolylineId -> b
    float density -> e
    io.flutter.plugin.common.MethodChannel methodChannel -> c
    com.google.android.gms.maps.GoogleMap googleMap -> d
    void addPolyline(java.lang.Object) -> a
    void addPolyline(java.lang.String,com.google.android.gms.maps.model.PolylineOptions,boolean) -> a
    void addPolylines(java.util.List) -> a
    boolean onPolylineTap(java.lang.String) -> a
    void setGoogleMap(com.google.android.gms.maps.GoogleMap) -> a
    void changePolyline(java.lang.Object) -> b
    void changePolylines(java.util.List) -> b
    java.lang.String getPolylineId(java.lang.Object) -> c
    void removePolylines(java.util.List) -> c
io.flutter.plugins.imagepicker.CameraDevice -> io.flutter.plugins.imagepicker.a:
    io.flutter.plugins.imagepicker.CameraDevice[] $VALUES -> c
    io.flutter.plugins.imagepicker.CameraDevice REAR -> a
    io.flutter.plugins.imagepicker.CameraDevice FRONT -> b
io.flutter.plugins.imagepicker.ExifDataCopier -> io.flutter.plugins.imagepicker.b:
    void copyExif(java.lang.String,java.lang.String) -> a
    void setIfNotNull(android.media.ExifInterface,android.media.ExifInterface,java.lang.String) -> a
io.flutter.plugins.imagepicker.FileUtils -> io.flutter.plugins.imagepicker.c:
    void copy(java.io.InputStream,java.io.OutputStream) -> a
    java.lang.String getDataColumn(android.content.Context,android.net.Uri,java.lang.String,java.lang.String[]) -> a
    java.lang.String getImageExtension(android.net.Uri) -> a
    java.lang.String getPathFromUri(android.content.Context,android.net.Uri) -> a
    java.lang.String getPathFromLocalUri(android.content.Context,android.net.Uri) -> b
    boolean isDownloadsDocument(android.net.Uri) -> b
    java.lang.String getPathFromRemoteUri(android.content.Context,android.net.Uri) -> c
    boolean isExternalStorageDocument(android.net.Uri) -> c
    boolean isGooglePhotosUri(android.net.Uri) -> d
    boolean isMediaDocument(android.net.Uri) -> e
io.flutter.plugins.imagepicker.ImagePickerCache -> io.flutter.plugins.imagepicker.d:
    android.content.SharedPreferences prefs -> a
    void clear() -> a
    void saveDimensionWithMethodCall(io.flutter.plugin.common.MethodCall) -> a
    void savePendingCameraMediaUriPath(android.net.Uri) -> a
    void saveResult(java.lang.String,java.lang.String,java.lang.String) -> a
    void saveTypeWithMethodCallName(java.lang.String) -> a
    void setMaxDimension(java.lang.Double,java.lang.Double,int) -> a
    java.util.Map getCacheMap() -> b
    void setType(java.lang.String) -> b
    java.lang.String retrievePendingCameraMediaUriPath() -> c